SF:lib/extensions/age.extension.dart
DA:2,6
DA:3,2
DA:4,2
DA:9,8
DA:11,4
DA:12,2
DA:14,2
DA:15,0
DA:16,2
DA:17,4
DA:18,2
DA:19,2
DA:20,0
LF:13
LH:11
end_of_record
SF:lib/data/model/specialist.dart
DA:9,2
DA:16,2
DA:17,1
DA:18,1
DA:19,1
DA:20,1
DA:23,2
DA:24,1
DA:25,1
DA:26,1
DA:27,1
DA:30,1
DA:31,5
LF:13
LH:13
end_of_record
SF:lib/data/model/age_group.dart
DA:7,4
DA:9,4
DA:10,2
DA:11,2
DA:14,4
DA:15,2
DA:16,2
DA:19,2
DA:20,6
LF:9
LH:9
end_of_record
SF:lib/data/model/category.dart
DA:7,5
DA:9,4
DA:10,2
DA:11,2
DA:14,4
DA:15,2
DA:16,2
DA:19,2
DA:20,6
LF:9
LH:9
end_of_record
SF:lib/data/model/city.dart
DA:9,7
DA:15,6
DA:16,3
DA:17,3
DA:18,3
DA:20,2
DA:22,6
DA:23,3
DA:24,3
DA:27,1
DA:28,3
DA:32,1
DA:33,1
DA:37,1
DA:38,3
DA:41,1
DA:42,1
DA:44,3
DA:45,12
LF:19
LH:19
end_of_record
SF:lib/data/model/province.dart
DA:7,8
DA:9,8
DA:10,4
DA:11,4
DA:14,6
DA:15,3
DA:16,3
DA:19,1
DA:20,3
DA:24,1
DA:25,1
DA:29,1
DA:30,3
DA:33,1
DA:34,1
DA:36,4
DA:37,12
LF:17
LH:17
end_of_record
SF:lib/data/model/club.dart
DA:21,7
DA:34,4
DA:35,4
DA:36,4
DA:37,4
DA:38,4
DA:39,4
DA:41,3
DA:42,4
DA:44,2
DA:45,4
DA:46,4
DA:48,2
DA:49,4
DA:51,2
DA:52,4
DA:53,4
DA:55,3
DA:59,8
DA:60,4
DA:61,4
DA:62,4
DA:63,5
DA:64,5
DA:65,5
DA:66,4
DA:67,5
DA:68,4
DA:69,4
DA:72,2
DA:73,1
DA:74,1
DA:75,1
DA:76,1
DA:77,1
DA:78,1
DA:82,0
DA:83,0
DA:84,0
DA:91,1
DA:92,4
DA:94,2
DA:96,3
DA:98,4
DA:99,4
DA:100,4
DA:101,4
DA:102,4
DA:103,4
DA:104,4
DA:105,4
DA:106,4
DA:107,4
DA:108,4
DA:109,4
LF:55
LH:52
end_of_record
SF:lib/data/model/profile.dart
DA:40,4
DA:65,0
DA:66,0
DA:69,0
DA:70,0
DA:74,0
DA:77,0
DA:78,0
DA:79,0
DA:86,2
DA:87,2
DA:88,2
DA:89,2
DA:90,2
DA:91,2
DA:92,2
DA:93,2
DA:94,2
DA:95,2
DA:96,2
DA:97,2
DA:98,2
DA:99,2
DA:100,2
DA:101,2
DA:102,2
DA:103,2
DA:104,2
DA:105,2
DA:106,2
DA:107,2
DA:108,2
DA:109,2
LF:33
LH:25
end_of_record
SF:lib/data/model/verified.dart
DA:7,2
DA:9,2
DA:10,1
DA:11,1
DA:14,2
DA:15,1
DA:16,1
DA:19,1
DA:20,3
LF:9
LH:9
end_of_record
SF:lib/data/model/club_coach.dart
DA:12,2
DA:19,1
DA:20,1
DA:21,1
DA:22,1
DA:24,2
DA:25,1
DA:27,2
DA:28,1
DA:29,3
DA:30,1
DA:34,2
DA:35,1
DA:36,2
DA:37,2
DA:38,5
DA:41,1
DA:42,5
LF:18
LH:18
end_of_record
SF:lib/data/model/club_coach_position.dart
DA:10,2
DA:12,1
DA:13,1
DA:14,1
DA:15,1
DA:17,2
DA:18,1
DA:20,2
DA:23,2
DA:24,1
DA:25,2
DA:26,2
DA:29,1
DA:30,4
LF:14
LH:14
end_of_record
SF:lib/data/model/employee.dart
DA:33,6
DA:53,3
DA:54,3
DA:55,3
DA:56,6
DA:57,3
DA:58,3
DA:60,2
DA:61,3
DA:62,3
DA:64,2
DA:65,3
DA:66,3
DA:67,3
DA:68,3
DA:70,2
DA:71,3
DA:73,2
DA:74,3
DA:76,2
DA:77,3
DA:79,2
DA:80,3
DA:82,2
DA:83,3
DA:84,3
DA:85,3
DA:89,6
DA:90,3
DA:91,3
DA:92,3
DA:93,4
DA:94,3
DA:95,4
DA:96,3
DA:97,3
DA:98,3
DA:99,4
DA:100,4
DA:101,4
DA:102,4
DA:103,4
DA:104,3
DA:105,3
DA:106,3
DA:109,2
DA:110,1
DA:111,1
DA:112,1
DA:113,1
DA:114,1
DA:115,1
DA:116,1
DA:117,1
DA:118,1
DA:119,1
DA:120,1
DA:122,1
DA:125,4
DA:126,4
DA:129,3
DA:132,0
DA:133,0
DA:134,0
DA:141,3
DA:142,3
DA:143,3
DA:144,3
DA:145,3
DA:146,3
DA:147,3
DA:148,3
DA:149,3
DA:150,3
DA:151,3
DA:152,3
DA:153,3
DA:154,3
DA:155,3
DA:156,3
DA:157,3
DA:158,3
DA:159,3
DA:160,3
LF:84
LH:81
end_of_record
SF:lib/data/model/coach_position.dart
DA:7,4
DA:9,4
DA:10,2
DA:11,2
DA:14,4
DA:15,2
DA:16,2
DA:19,2
DA:20,6
LF:9
LH:9
end_of_record
SF:lib/data/model/club_player.dart
DA:14,2
DA:22,1
DA:23,1
DA:24,1
DA:25,1
DA:27,2
DA:28,1
DA:30,2
DA:31,1
DA:32,3
DA:33,1
DA:34,1
DA:36,2
DA:40,2
DA:41,1
DA:42,2
DA:43,2
DA:44,5
DA:45,2
DA:48,1
DA:49,6
LF:21
LH:21
end_of_record
SF:lib/data/model/club_player_position.dart
DA:10,2
DA:12,1
DA:13,1
DA:14,1
DA:15,1
DA:17,2
DA:18,1
DA:20,2
DA:23,2
DA:24,1
DA:25,2
DA:26,2
DA:29,1
DA:30,1
DA:31,1
DA:32,1
DA:33,1
LF:17
LH:17
end_of_record
SF:lib/data/model/player.dart
DA:40,2
DA:64,1
DA:65,1
DA:66,1
DA:67,1
DA:68,1
DA:69,1
DA:71,0
DA:72,1
DA:73,1
DA:74,1
DA:75,1
DA:77,0
DA:78,1
DA:79,1
DA:81,0
DA:82,1
DA:84,0
DA:85,1
DA:87,0
DA:88,1
DA:90,0
DA:91,0
DA:92,1
DA:93,1
DA:94,1
DA:95,1
DA:97,0
DA:98,1
DA:100,0
DA:101,0
DA:102,1
DA:103,1
DA:105,0
DA:106,1
DA:108,0
DA:112,2
DA:113,1
DA:114,1
DA:115,1
DA:116,1
DA:117,1
DA:118,1
DA:119,1
DA:120,1
DA:121,1
DA:122,1
DA:123,1
DA:124,1
DA:125,1
DA:126,1
DA:127,1
DA:128,1
DA:129,1
DA:130,1
DA:131,1
DA:132,1
DA:133,1
DA:136,0
DA:137,0
DA:138,0
DA:139,0
DA:140,0
DA:141,0
DA:142,0
DA:143,0
DA:144,0
DA:145,0
DA:146,0
DA:147,0
DA:148,0
DA:149,0
DA:151,0
DA:152,0
DA:153,0
DA:154,0
DA:157,0
DA:158,0
DA:159,0
DA:166,1
DA:167,1
DA:170,0
DA:171,0
DA:172,0
DA:174,0
DA:175,0
DA:177,0
DA:178,0
DA:179,0
DA:180,0
DA:181,0
DA:182,0
DA:183,0
DA:186,0
DA:189,0
DA:190,0
DA:193,0
DA:194,0
DA:195,0
DA:197,0
DA:198,0
DA:200,0
DA:201,0
DA:202,0
DA:203,0
DA:204,0
DA:205,0
DA:206,0
DA:209,0
DA:212,0
DA:213,0
DA:214,0
DA:215,0
DA:220,1
DA:221,1
DA:222,1
DA:223,1
DA:224,1
DA:225,1
DA:226,1
DA:227,1
DA:228,1
DA:229,1
DA:230,1
DA:231,1
DA:232,1
DA:233,1
DA:234,1
DA:235,1
DA:236,1
DA:237,1
DA:238,1
DA:239,1
DA:240,1
DA:241,1
DA:242,1
DA:243,1
LF:137
LH:72
end_of_record
SF:lib/data/model/player_team.dart
DA:13,4
DA:21,4
DA:22,2
DA:23,2
DA:25,2
DA:26,2
DA:28,2
DA:29,2
DA:31,2
DA:32,2
DA:35,2
DA:36,2
DA:37,2
DA:38,3
DA:39,3
DA:40,3
DA:41,2
DA:45,1
DA:46,1
DA:47,1
DA:48,1
DA:49,1
DA:50,1
DA:51,1
LF:24
LH:24
end_of_record
SF:lib/data/model/player_position.dart
DA:7,2
DA:9,2
DA:10,1
DA:11,1
DA:14,2
DA:15,1
DA:16,1
DA:19,1
DA:20,3
LF:9
LH:9
end_of_record
SF:lib/data/model/coach_team.dart
DA:13,2
DA:21,2
DA:22,1
DA:23,1
DA:25,2
DA:26,1
DA:28,2
DA:29,1
DA:31,2
DA:32,1
DA:35,1
DA:36,1
DA:37,1
DA:38,2
DA:39,2
DA:40,2
DA:41,1
DA:45,1
DA:46,6
LF:19
LH:19
end_of_record
SF:lib/data/model/team.dart
DA:25,4
DA:40,2
DA:41,2
DA:42,2
DA:43,2
DA:44,2
DA:45,2
DA:46,2
DA:48,2
DA:49,2
DA:51,2
DA:52,2
DA:54,2
DA:55,2
DA:56,2
DA:57,2
DA:59,3
DA:60,2
DA:61,3
DA:62,1
DA:63,2
DA:64,3
DA:65,1
DA:69,4
DA:70,2
DA:71,2
DA:72,2
DA:73,2
DA:74,3
DA:75,3
DA:76,3
DA:77,2
DA:78,2
DA:79,6
DA:80,6
DA:81,2
DA:84,0
DA:85,0
DA:87,0
DA:90,0
DA:92,0
DA:93,0
DA:95,0
DA:97,0
DA:104,2
DA:105,2
DA:106,2
DA:107,2
DA:108,2
DA:109,2
DA:110,2
DA:111,2
DA:112,2
DA:113,2
DA:114,2
DA:115,2
LF:56
LH:48
end_of_record
SF:lib/data/model/consultation_classification.dart
DA:18,0
DA:26,0
DA:27,0
DA:28,0
DA:29,0
DA:30,0
DA:31,0
DA:32,0
DA:36,0
DA:37,0
DA:38,0
DA:39,0
DA:40,0
DA:41,0
DA:44,0
DA:45,0
DA:47,0
DA:48,0
DA:51,0
DA:52,0
DA:53,0
DA:54,0
LF:22
LH:0
end_of_record
SF:lib/data/model/consultation_classification_user.dart
DA:16,0
DA:28,0
DA:29,0
DA:30,0
DA:31,0
DA:33,0
DA:34,0
DA:36,0
DA:37,0
DA:38,0
DA:39,0
DA:40,0
DA:41,0
DA:43,0
DA:44,0
DA:45,0
DA:49,0
DA:51,0
DA:52,0
DA:53,0
DA:54,0
DA:55,0
DA:56,0
DA:58,0
DA:59,0
DA:61,0
DA:62,0
DA:63,0
DA:64,0
DA:65,0
DA:66,0
DA:68,0
DA:69,0
DA:72,0
DA:77,0
DA:78,0
DA:79,0
DA:80,0
DA:81,0
DA:82,0
DA:83,0
DA:86,0
DA:87,0
DA:91,0
DA:94,0
DA:95,0
DA:98,0
DA:99,0
DA:103,0
DA:106,0
DA:107,0
DA:109,0
LF:52
LH:0
end_of_record
SF:lib/data/model/consultation_schedule.dart
DA:13,0
DA:21,0
DA:22,0
DA:23,0
DA:24,0
DA:26,0
DA:27,0
DA:28,0
DA:29,0
DA:31,0
DA:32,0
DA:33,0
DA:34,0
DA:36,0
DA:37,0
DA:38,0
DA:42,0
DA:43,0
DA:44,0
DA:46,0
DA:47,0
DA:48,0
DA:50,0
DA:52,0
DA:54,0
DA:56,0
DA:60,0
DA:61,0
DA:62,0
DA:63,0
DA:64,0
DA:66,0
DA:67,0
DA:68,0
DA:70,0
DA:72,0
DA:73,0
DA:74,0
DA:78,0
DA:79,0
DA:80,0
DA:81,0
DA:87,0
DA:88,0
DA:91,0
DA:92,0
DA:96,0
DA:97,0
DA:100,0
DA:101,0
DA:112,0
DA:115,0
DA:116,0
DA:117,0
DA:118,0
LF:55
LH:0
end_of_record
SF:lib/data/model/user.dart
DA:51,1
DA:77,1
DA:78,1
DA:79,1
DA:80,2
DA:81,1
DA:82,1
DA:83,1
DA:85,0
DA:86,1
DA:88,0
DA:89,1
DA:91,0
DA:92,1
DA:93,4
DA:94,0
DA:95,3
DA:96,1
DA:97,1
DA:98,1
DA:100,4
DA:101,0
DA:102,1
DA:103,1
DA:104,1
DA:106,4
DA:107,0
DA:108,1
DA:109,1
DA:110,1
DA:111,1
DA:113,0
DA:114,0
DA:115,1
DA:117,0
DA:118,0
DA:119,1
DA:121,0
DA:122,1
DA:124,0
DA:126,4
DA:127,1
DA:128,0
DA:129,0
DA:130,0
DA:131,1
DA:133,0
DA:134,1
DA:136,0
DA:137,1
DA:139,0
DA:143,2
DA:144,1
DA:145,1
DA:146,1
DA:147,1
DA:148,1
DA:149,1
DA:150,1
DA:151,1
DA:152,3
DA:153,1
DA:154,1
DA:155,1
DA:156,1
DA:157,3
DA:158,3
DA:159,1
DA:160,1
DA:161,3
DA:162,1
DA:163,1
DA:164,1
DA:165,1
DA:166,1
DA:169,0
DA:170,0
DA:171,0
DA:172,0
DA:176,0
DA:177,0
DA:179,0
DA:180,0
DA:181,0
DA:185,0
DA:186,0
DA:187,0
DA:188,0
DA:189,0
DA:191,0
DA:195,0
DA:196,0
DA:197,0
DA:204,0
DA:205,0
DA:206,0
DA:210,0
DA:212,0
DA:214,0
DA:215,0
DA:220,0
DA:221,0
DA:226,0
DA:227,0
DA:228,0
DA:229,0
DA:230,0
DA:232,0
DA:235,0
DA:236,0
DA:239,0
DA:240,0
DA:243,0
DA:244,0
DA:246,0
DA:247,0
DA:248,0
DA:250,0
DA:252,0
DA:253,0
DA:255,0
DA:256,0
DA:258,0
DA:259,0
DA:260,0
DA:262,0
DA:263,0
DA:265,0
DA:266,0
DA:267,0
DA:269,0
DA:270,0
DA:272,0
DA:273,0
DA:275,0
DA:276,0
DA:278,0
DA:279,0
DA:281,0
DA:283,0
DA:284,0
DA:285,0
DA:287,0
DA:288,0
DA:289,0
DA:292,0
DA:293,0
DA:295,0
DA:298,1
DA:299,1
DA:300,1
DA:301,1
DA:302,1
DA:303,1
DA:304,1
DA:305,1
DA:306,1
DA:307,1
DA:308,1
DA:309,1
DA:310,1
DA:311,1
DA:312,1
DA:313,1
DA:314,1
DA:315,1
DA:316,1
DA:317,1
DA:318,1
DA:319,1
DA:320,1
DA:321,1
LF:172
LH:81
end_of_record
SF:lib/data/model/day.dart
DA:7,19
DA:9,2
DA:10,1
DA:11,1
DA:14,2
DA:15,1
DA:16,1
DA:19,1
DA:20,3
LF:9
LH:9
end_of_record
SF:lib/data/model/dominant_foot.dart
DA:7,2
DA:9,2
DA:10,1
DA:11,1
DA:14,2
DA:15,1
DA:16,1
DA:19,1
DA:20,3
LF:9
LH:9
end_of_record
SF:lib/data/model/gender.dart
DA:7,5
DA:9,4
DA:10,2
DA:11,2
DA:14,4
DA:15,2
DA:16,2
DA:19,2
DA:20,6
LF:9
LH:9
end_of_record
SF:lib/data/model/nationality.dart
DA:8,3
DA:10,2
DA:11,1
DA:12,1
DA:13,1
DA:16,2
DA:17,1
DA:18,1
DA:19,1
DA:22,1
DA:23,4
LF:11
LH:11
end_of_record
SF:lib/data/model/height.dart
DA:7,2
DA:9,2
DA:10,1
DA:11,1
DA:14,2
DA:15,1
DA:16,1
DA:19,1
DA:20,3
LF:9
LH:9
end_of_record
SF:lib/data/model/mental_test.dart
DA:10,0
DA:17,0
DA:18,0
DA:19,0
DA:22,0
DA:23,0
DA:24,0
DA:26,0
DA:27,0
DA:28,0
DA:31,0
DA:32,0
DA:33,0
DA:34,0
DA:35,0
LF:15
LH:0
end_of_record
SF:lib/data/model/performance_test_verification.dart
DA:27,0
DA:41,0
DA:42,0
DA:43,0
DA:44,0
DA:46,0
DA:47,0
DA:49,0
DA:50,0
DA:51,0
DA:53,0
DA:54,0
DA:55,0
DA:57,0
DA:58,0
DA:59,0
DA:60,0
DA:61,0
DA:62,0
DA:63,0
DA:64,0
DA:66,0
DA:67,0
DA:69,0
DA:73,0
DA:74,0
DA:75,0
DA:76,0
DA:77,0
DA:78,0
DA:79,0
DA:80,0
DA:81,0
DA:82,0
DA:83,0
DA:84,0
DA:87,0
DA:89,0
DA:91,0
DA:93,0
DA:95,0
DA:96,0
DA:99,0
DA:101,0
DA:108,0
DA:109,0
DA:113,0
DA:115,0
DA:118,0
DA:119,0
DA:124,0
DA:126,0
DA:128,0
DA:131,0
DA:132,0
DA:137,0
DA:139,0
DA:141,0
DA:144,0
DA:145,0
DA:150,0
DA:152,0
DA:154,0
DA:157,0
DA:158,0
DA:163,0
DA:165,0
DA:167,0
DA:170,0
DA:171,0
DA:175,0
DA:176,0
DA:177,0
DA:182,0
DA:185,0
DA:187,0
DA:189,0
DA:195,0
DA:198,0
DA:199,0
DA:200,0
DA:203,0
DA:206,0
DA:207,0
DA:208,0
DA:209,0
DA:216,0
DA:217,0
DA:218,0
DA:220,0
DA:221,0
DA:222,0
DA:223,0
DA:224,0
DA:227,0
DA:229,0
DA:230,0
DA:232,0
DA:234,0
DA:241,0
DA:242,0
DA:243,0
LF:102
LH:0
end_of_record
SF:lib/data/model/scat_question.dart
DA:8,0
DA:16,0
DA:17,0
DA:18,0
DA:19,0
DA:20,0
DA:21,0
DA:24,0
DA:25,0
DA:26,0
DA:27,0
DA:28,0
DA:29,0
LF:13
LH:0
end_of_record
SF:lib/data/model/performance_category.dart
DA:7,0
DA:14,0
DA:15,0
DA:16,0
DA:17,0
DA:18,0
DA:19,0
DA:22,0
DA:23,0
DA:24,0
DA:25,0
DA:26,0
LF:12
LH:0
end_of_record
SF:lib/data/model/performance_item.dart
DA:14,0
DA:26,0
DA:27,0
DA:28,0
DA:29,0
DA:31,0
DA:32,0
DA:33,0
DA:34,0
DA:35,0
DA:36,0
DA:37,0
DA:38,0
DA:39,0
DA:42,0
DA:43,0
DA:44,0
DA:45,0
DA:46,0
DA:47,0
DA:48,0
DA:49,0
DA:50,0
DA:51,0
LF:24
LH:0
end_of_record
SF:lib/data/model/performance_test.dart
DA:13,0
DA:23,0
DA:24,0
DA:25,0
DA:26,0
DA:29,0
DA:30,0
DA:31,0
DA:33,0
DA:34,0
DA:35,0
DA:36,0
DA:37,0
DA:38,0
DA:41,0
DA:42,0
DA:43,0
DA:44,0
DA:45,0
DA:46,0
DA:47,0
DA:48,0
LF:22
LH:0
end_of_record
SF:lib/data/model/recommended.dart
DA:7,2
DA:9,1
DA:10,1
DA:11,1
DA:12,1
DA:16,2
DA:17,1
DA:18,1
DA:21,1
DA:22,3
LF:10
LH:10
end_of_record
SF:lib/data/model/status.dart
DA:10,2
DA:12,1
DA:13,1
DA:14,1
DA:15,1
DA:19,2
DA:20,1
DA:21,1
DA:24,0
DA:26,0
DA:27,0
DA:30,0
DA:41,0
DA:43,0
DA:44,0
DA:47,0
DA:50,0
DA:53,0
DA:63,0
DA:65,0
DA:66,0
DA:69,0
DA:72,0
DA:75,0
DA:85,1
DA:86,1
DA:87,1
DA:88,1
LF:28
LH:12
end_of_record
SF:lib/data/model/weight.dart
DA:7,2
DA:9,2
DA:10,1
DA:11,1
DA:14,2
DA:15,1
DA:16,1
DA:19,1
DA:20,3
LF:9
LH:9
end_of_record
SF:lib/data/model/role.dart
DA:8,2
DA:10,2
DA:11,1
DA:12,1
DA:13,1
DA:16,2
DA:17,1
DA:18,1
DA:19,1
DA:22,1
DA:23,4
LF:11
LH:11
end_of_record
SF:lib/data/model/secure_document.dart
DA:15,0
DA:25,0
DA:26,0
DA:27,0
DA:28,0
DA:30,0
DA:31,0
DA:32,0
DA:33,0
DA:34,0
DA:36,0
DA:37,0
DA:39,0
DA:43,0
DA:44,0
DA:45,0
DA:46,0
DA:47,0
DA:48,0
DA:49,0
DA:50,0
DA:53,0
DA:55,0
DA:59,0
DA:61,0
DA:62,0
LF:26
LH:0
end_of_record
SF:lib/data/model/subscribe_receipt.dart
DA:16,0
DA:29,0
DA:30,0
DA:31,0
DA:32,0
DA:33,0
DA:35,0
DA:36,0
DA:37,0
DA:39,0
DA:40,0
DA:42,0
DA:43,0
DA:44,0
DA:45,0
DA:47,0
DA:50,0
DA:52,0
DA:55,0
DA:56,0
DA:57,0
DA:58,0
DA:59,0
DA:60,0
DA:61,0
DA:62,0
DA:63,0
DA:64,0
DA:65,0
DA:68,0
DA:69,0
DA:70,0
DA:71,0
DA:72,0
DA:77,0
DA:78,0
DA:79,0
DA:80,0
DA:89,0
DA:90,0
DA:91,0
DA:92,0
DA:94,0
DA:96,0
DA:98,0
LF:45
LH:0
end_of_record
SF:lib/data/model/suspend_user.dart
DA:9,0
DA:11,0
DA:12,0
DA:13,0
DA:15,0
DA:16,0
DA:18,0
DA:21,0
DA:22,0
DA:23,0
DA:24,0
DA:27,0
DA:29,0
DA:32,0
DA:33,0
LF:15
LH:0
end_of_record
SF:lib/utils/timeago/id_locale.dart
DA:4,0
DA:6,0
DA:8,0
DA:10,0
DA:12,0
DA:14,0
DA:16,0
DA:17,0
DA:18,0
DA:20,0
DA:21,0
DA:22,0
DA:24,0
DA:25,0
DA:26,0
DA:28,0
DA:29,0
DA:30,0
DA:32,0
DA:33,0
DA:34,0
LF:21
LH:0
end_of_record
SF:lib/data/model/academy_partner.dart
DA:15,1
DA:24,2
DA:25,1
DA:26,1
DA:28,2
DA:29,1
DA:30,1
DA:32,2
DA:33,1
DA:35,4
DA:36,1
DA:38,4
DA:41,2
DA:42,1
DA:43,2
DA:44,1
DA:45,2
DA:46,2
DA:47,2
DA:50,1
DA:51,2
DA:52,3
DA:55,1
DA:56,1
DA:57,1
DA:58,1
DA:59,1
DA:60,1
DA:61,1
DA:62,1
DA:63,1
LF:31
LH:31
end_of_record
